2023-11-28 00:54:56.4787|1|DEBUG|Microsoft.Extensions.Hosting.Internal.Host|Hosting starting 
2023-11-28 00:54:56.7669|0|DEBUG|Microsoft.AspNetCore.Hosting.Diagnostics|Loaded hosting startup assembly GlobalExceptionalHandlingInWebAPI 
2023-11-28 00:54:56.7880|0|INFO|Microsoft.Hosting.Lifetime|Application started. Press Ctrl+C to shut down. 
2023-11-28 00:54:56.8113|0|INFO|Microsoft.Hosting.Lifetime|Hosting environment: Development 
2023-11-28 00:54:56.8113|0|INFO|Microsoft.Hosting.Lifetime|Content root path: D:\Upskilling\GlobalExceptionalHandlingInWebAPI 
2023-11-28 00:54:56.8113|2|DEBUG|Microsoft.Extensions.Hosting.Internal.Host|Hosting started 
2023-11-28 00:54:56.8285|1|INFO|Microsoft.AspNetCore.Hosting.Diagnostics|Request starting HTTP/2 GET https://localhost:44365/swagger/index.html - - 
2023-11-28 00:54:56.8285|0|DEBUG|Microsoft.AspNetCore.HostFiltering.HostFilteringMiddleware|Wildcard detected, all requests with hosts will be allowed. 
2023-11-28 00:54:56.8285|2|TRACE|Microsoft.AspNetCore.HostFiltering.HostFilteringMiddleware|All hosts are allowed. 
2023-11-28 00:54:56.9691|1|DEBUG|Microsoft.AspNetCore.Server.IIS.Core.IISHttpServer|Connection ID "18374686502757073117" disconnecting. 
2023-11-28 00:54:56.9691|2|INFO|Microsoft.AspNetCore.Hosting.Diagnostics|Request finished HTTP/2 GET https://localhost:44365/swagger/index.html - - - 200 - text/html;charset=utf-8 143.3861ms 
2023-11-28 00:54:57.0614|1|INFO|Microsoft.AspNetCore.Hosting.Diagnostics|Request starting HTTP/2 GET https://localhost:44365/swagger/v1/swagger.json - - 
2023-11-28 00:54:57.0614|2|TRACE|Microsoft.AspNetCore.HostFiltering.HostFilteringMiddleware|All hosts are allowed. 
2023-11-28 00:54:57.1180|2|INFO|Microsoft.AspNetCore.Hosting.Diagnostics|Request finished HTTP/2 GET https://localhost:44365/swagger/v1/swagger.json - - - 200 - application/json;charset=utf-8 56.5734ms 
2023-11-28 00:54:57.1180|1|DEBUG|Microsoft.AspNetCore.Server.IIS.Core.IISHttpServer|Connection ID "18374686511347007510" disconnecting. 
2023-11-28 00:55:01.1007|1|INFO|Microsoft.AspNetCore.Hosting.Diagnostics|Request starting HTTP/2 GET https://localhost:44365/WeatherForecast - - 
2023-11-28 00:55:01.1007|2|TRACE|Microsoft.AspNetCore.HostFiltering.HostFilteringMiddleware|All hosts are allowed. 
2023-11-28 00:55:01.1007|3|DEBUG|Microsoft.AspNetCore.StaticFiles.StaticFileMiddleware|The request path  does not match the path filter 
2023-11-28 00:55:01.1522|1001|DEBUG|Microsoft.AspNetCore.Routing.Matching.DfaMatcher|1 candidate(s) found for the request path '/WeatherForecast' 
2023-11-28 00:55:01.1559|1005|DEBUG|Microsoft.AspNetCore.Routing.Matching.DfaMatcher|Endpoint 'GlobalExceptionalHandlingInWebAPI.Controllers.WeatherForecastController.Get (GlobalExceptionalHandlingInWebAPI)' with route pattern 'WeatherForecast' is valid for the request path '/WeatherForecast' 
2023-11-28 00:55:01.1559|1|DEBUG|Microsoft.AspNetCore.Routing.EndpointRoutingMiddleware|Request matched endpoint 'GlobalExceptionalHandlingInWebAPI.Controllers.WeatherForecastController.Get (GlobalExceptionalHandlingInWebAPI)' 
2023-11-28 00:55:01.1559|0|INFO|Microsoft.AspNetCore.Routing.EndpointMiddleware|Executing endpoint 'GlobalExceptionalHandlingInWebAPI.Controllers.WeatherForecastController.Get (GlobalExceptionalHandlingInWebAPI)' 
2023-11-28 00:55:01.1764|12|DEBUG|Microsoft.AspNetCore.Mvc.ModelBinding.ModelBinderFactory|Registered model binder providers, in the following order: Microsoft.AspNetCore.Mvc.ModelBinding.Binders.BinderTypeModelBinderProvider, Microsoft.AspNetCore.Mvc.ModelBinding.Binders.ServicesModelBinderProvider, Microsoft.AspNetCore.Mvc.ModelBinding.Binders.BodyModelBinderProvider, Microsoft.AspNetCore.Mvc.ModelBinding.Binders.HeaderModelBinderProvider, Microsoft.AspNetCore.Mvc.ModelBinding.Binders.FloatingPointTypeModelBinderProvider, Microsoft.AspNetCore.Mvc.ModelBinding.Binders.EnumTypeModelBinderProvider, Microsoft.AspNetCore.Mvc.ModelBinding.Binders.DateTimeModelBinderProvider, Microsoft.AspNetCore.Mvc.ModelBinding.Binders.SimpleTypeModelBinderProvider, Microsoft.AspNetCore.Mvc.ModelBinding.Binders.CancellationTokenModelBinderProvider, Microsoft.AspNetCore.Mvc.ModelBinding.Binders.ByteArrayModelBinderProvider, Microsoft.AspNetCore.Mvc.ModelBinding.Binders.FormFileModelBinderProvider, Microsoft.AspNetCore.Mvc.ModelBinding.Binders.FormCollectionModelBinderProvider, Microsoft.AspNetCore.Mvc.ModelBinding.Binders.KeyValuePairModelBinderProvider, Microsoft.AspNetCore.Mvc.ModelBinding.Binders.DictionaryModelBinderProvider, Microsoft.AspNetCore.Mvc.ModelBinding.Binders.ArrayModelBinderProvider, Microsoft.AspNetCore.Mvc.ModelBinding.Binders.CollectionModelBinderProvider, Microsoft.AspNetCore.Mvc.ModelBinding.Binders.ComplexObjectModelBinderProvider 
2023-11-28 00:55:01.2232|3|INFO|Microsoft.AspNetCore.Mvc.Infrastructure.ControllerActionInvoker|Route matched with {action = "Get", controller = "WeatherForecast"}. Executing controller action with signature System.Collections.Generic.IEnumerable`1[GlobalExceptionalHandlingInWebAPI.WeatherForecast] Get() on controller GlobalExceptionalHandlingInWebAPI.Controllers.WeatherForecastController (GlobalExceptionalHandlingInWebAPI). 
2023-11-28 00:55:01.2232|1|DEBUG|Microsoft.AspNetCore.Mvc.Infrastructure.ControllerActionInvoker|Execution plan of authorization filters (in the following order): None 
2023-11-28 00:55:01.2232|1|DEBUG|Microsoft.AspNetCore.Mvc.Infrastructure.ControllerActionInvoker|Execution plan of resource filters (in the following order): None 
2023-11-28 00:55:01.2232|1|DEBUG|Microsoft.AspNetCore.Mvc.Infrastructure.ControllerActionInvoker|Execution plan of action filters (in the following order): Microsoft.AspNetCore.Mvc.ModelBinding.UnsupportedContentTypeFilter (Order: -3000), Microsoft.AspNetCore.Mvc.Infrastructure.ModelStateInvalidFilter (Order: -2000) 
2023-11-28 00:55:01.2232|1|DEBUG|Microsoft.AspNetCore.Mvc.Infrastructure.ControllerActionInvoker|Execution plan of exception filters (in the following order): None 
2023-11-28 00:55:01.2232|1|DEBUG|Microsoft.AspNetCore.Mvc.Infrastructure.ControllerActionInvoker|Execution plan of result filters (in the following order): Microsoft.AspNetCore.Mvc.Infrastructure.ClientErrorResultFilter (Order: -2000) 
2023-11-28 00:55:01.2330|1|DEBUG|Microsoft.AspNetCore.Mvc.Infrastructure.ControllerActionInvoker|Executing controller factory for controller GlobalExceptionalHandlingInWebAPI.Controllers.WeatherForecastController (GlobalExceptionalHandlingInWebAPI) 
2023-11-28 00:55:01.2330|2|DEBUG|Microsoft.AspNetCore.Mvc.Infrastructure.ControllerActionInvoker|Executed controller factory for controller GlobalExceptionalHandlingInWebAPI.Controllers.WeatherForecastController (GlobalExceptionalHandlingInWebAPI) 
2023-11-28 00:55:01.2330|2|TRACE|Microsoft.AspNetCore.Mvc.Infrastructure.ControllerActionInvoker|Action Filter: Before executing OnActionExecuting on filter Microsoft.AspNetCore.Mvc.ModelBinding.UnsupportedContentTypeFilter. 
2023-11-28 00:55:01.2330|3|TRACE|Microsoft.AspNetCore.Mvc.Infrastructure.ControllerActionInvoker|Action Filter: After executing OnActionExecuting on filter Microsoft.AspNetCore.Mvc.ModelBinding.UnsupportedContentTypeFilter. 
2023-11-28 00:55:01.2330|2|TRACE|Microsoft.AspNetCore.Mvc.Infrastructure.ControllerActionInvoker|Action Filter: Before executing OnActionExecuting on filter Microsoft.AspNetCore.Mvc.Infrastructure.ModelStateInvalidFilter. 
2023-11-28 00:55:01.2330|3|TRACE|Microsoft.AspNetCore.Mvc.Infrastructure.ControllerActionInvoker|Action Filter: After executing OnActionExecuting on filter Microsoft.AspNetCore.Mvc.Infrastructure.ModelStateInvalidFilter. 
2023-11-28 00:55:01.2330|1|INFO|Microsoft.AspNetCore.Mvc.Infrastructure.ControllerActionInvoker|Executing action method GlobalExceptionalHandlingInWebAPI.Controllers.WeatherForecastController.Get (GlobalExceptionalHandlingInWebAPI) - Validation state: Valid 
2023-11-28 00:55:01.2330|0|INFO|GlobalExceptionalHandlingInWebAPI.Startup|Getting the weather updates 
2023-11-28 00:55:01.2569|2|INFO|Microsoft.AspNetCore.Mvc.Infrastructure.ControllerActionInvoker|Executed action method GlobalExceptionalHandlingInWebAPI.Controllers.WeatherForecastController.Get (GlobalExceptionalHandlingInWebAPI), returned result Microsoft.AspNetCore.Mvc.ObjectResult in 5.6319ms. 
2023-11-28 00:55:01.2569|2|TRACE|Microsoft.AspNetCore.Mvc.Infrastructure.ControllerActionInvoker|Action Filter: Before executing OnActionExecuted on filter Microsoft.AspNetCore.Mvc.Infrastructure.ModelStateInvalidFilter. 
2023-11-28 00:55:01.2569|3|TRACE|Microsoft.AspNetCore.Mvc.Infrastructure.ControllerActionInvoker|Action Filter: After executing OnActionExecuted on filter Microsoft.AspNetCore.Mvc.Infrastructure.ModelStateInvalidFilter. 
2023-11-28 00:55:01.2569|2|TRACE|Microsoft.AspNetCore.Mvc.Infrastructure.ControllerActionInvoker|Action Filter: Before executing OnActionExecuted on filter Microsoft.AspNetCore.Mvc.ModelBinding.UnsupportedContentTypeFilter. 
2023-11-28 00:55:01.2569|3|TRACE|Microsoft.AspNetCore.Mvc.Infrastructure.ControllerActionInvoker|Action Filter: After executing OnActionExecuted on filter Microsoft.AspNetCore.Mvc.ModelBinding.UnsupportedContentTypeFilter. 
2023-11-28 00:55:01.2569|2|TRACE|Microsoft.AspNetCore.Mvc.Infrastructure.ControllerActionInvoker|Result Filter: Before executing OnResultExecuting on filter Microsoft.AspNetCore.Mvc.Infrastructure.ClientErrorResultFilter. 
2023-11-28 00:55:01.2569|3|TRACE|Microsoft.AspNetCore.Mvc.Infrastructure.ControllerActionInvoker|Result Filter: After executing OnResultExecuting on filter Microsoft.AspNetCore.Mvc.Infrastructure.ClientErrorResultFilter. 
2023-11-28 00:55:01.2569|4|TRACE|Microsoft.AspNetCore.Mvc.Infrastructure.ControllerActionInvoker|Before executing action result Microsoft.AspNetCore.Mvc.ObjectResult. 
2023-11-28 00:55:01.2644|11|DEBUG|Microsoft.AspNetCore.Mvc.Infrastructure.DefaultOutputFormatterSelector|List of registered output formatters, in the following order: Microsoft.AspNetCore.Mvc.Formatters.HttpNoContentOutputFormatter, Microsoft.AspNetCore.Mvc.Formatters.StringOutputFormatter, Microsoft.AspNetCore.Mvc.Formatters.StreamOutputFormatter, Microsoft.AspNetCore.Mvc.Formatters.SystemTextJsonOutputFormatter 
2023-11-28 00:55:01.2644|6|DEBUG|Microsoft.AspNetCore.Mvc.Infrastructure.DefaultOutputFormatterSelector|Attempting to select an output formatter based on Accept header 'text/plain'. 
2023-11-28 00:55:01.2644|5|DEBUG|Microsoft.AspNetCore.Mvc.Infrastructure.DefaultOutputFormatterSelector|Could not find an output formatter based on content negotiation. Accepted types were (text/plain) 
2023-11-28 00:55:01.2644|8|DEBUG|Microsoft.AspNetCore.Mvc.Infrastructure.DefaultOutputFormatterSelector|Attempting to select an output formatter without using a content type as no explicit content types were specified for the response. 
2023-11-28 00:55:01.2644|10|DEBUG|Microsoft.AspNetCore.Mvc.Infrastructure.DefaultOutputFormatterSelector|Attempting to select the first formatter in the output formatters list which can write the result. 
2023-11-28 00:55:01.2644|2|DEBUG|Microsoft.AspNetCore.Mvc.Infrastructure.DefaultOutputFormatterSelector|Selected output formatter 'Microsoft.AspNetCore.Mvc.Formatters.SystemTextJsonOutputFormatter' and content type 'application/json' to write the response. 
2023-11-28 00:55:01.2644|1|INFO|Microsoft.AspNetCore.Mvc.Infrastructure.ObjectResultExecutor|Executing ObjectResult, writing value of type 'GlobalExceptionalHandlingInWebAPI.WeatherForecast[]'. 
2023-11-28 00:55:01.3042|5|TRACE|Microsoft.AspNetCore.Mvc.Infrastructure.ControllerActionInvoker|After executing action result Microsoft.AspNetCore.Mvc.ObjectResult. 
2023-11-28 00:55:01.3042|2|TRACE|Microsoft.AspNetCore.Mvc.Infrastructure.ControllerActionInvoker|Result Filter: Before executing OnResultExecuted on filter Microsoft.AspNetCore.Mvc.Infrastructure.ClientErrorResultFilter. 
2023-11-28 00:55:01.3042|3|TRACE|Microsoft.AspNetCore.Mvc.Infrastructure.ControllerActionInvoker|Result Filter: After executing OnResultExecuted on filter Microsoft.AspNetCore.Mvc.Infrastructure.ClientErrorResultFilter. 
2023-11-28 00:55:01.3117|2|INFO|Microsoft.AspNetCore.Mvc.Infrastructure.ControllerActionInvoker|Executed action GlobalExceptionalHandlingInWebAPI.Controllers.WeatherForecastController.Get (GlobalExceptionalHandlingInWebAPI) in 74.2344ms 
2023-11-28 00:55:01.3117|1|INFO|Microsoft.AspNetCore.Routing.EndpointMiddleware|Executed endpoint 'GlobalExceptionalHandlingInWebAPI.Controllers.WeatherForecastController.Get (GlobalExceptionalHandlingInWebAPI)' 
2023-11-28 00:55:01.3117|1|DEBUG|Microsoft.AspNetCore.Server.IIS.Core.IISHttpServer|Connection ID "18230571301796315164" disconnecting. 
2023-11-28 00:55:01.3117|2|INFO|Microsoft.AspNetCore.Hosting.Diagnostics|Request finished HTTP/2 GET https://localhost:44365/WeatherForecast - - - 200 - application/json;+charset=utf-8 212.1938ms 
